#
# There is insufficient memory for the Java Runtime Environment to continue.
# Native memory allocation (malloc) failed to allocate 368656 bytes for Chunk::new
# Possible reasons:
#   The system is out of physical RAM or swap space
#   The process is running with CompressedOops enabled, and the Java Heap may be blocking the growth of the native heap
# Possible solutions:
#   Reduce memory load on the system
#   Increase physical memory or swap space
#   Check if swap backing store is full
#   Decrease Java heap size (-Xmx/-Xms)
#   Decrease number of Java threads
#   Decrease Java thread stack sizes (-Xss)
#   Set larger code cache with -XX:ReservedCodeCacheSize=
#   JVM is running with Unscaled Compressed Oops mode in which the Java heap is
#     placed in the first 4GB address space. The Java Heap base address is the
#     maximum limit for the native heap growth. Please use -XX:HeapBaseMinAddress
#     to set the Java Heap base and to place the Java Heap above 4GB virtual address.
# This output file may be truncated or incomplete.
#
#  Out of Memory Error (t:/workspace/open/src/hotspot/share/memory/arena.cpp:197), pid=15368, tid=8296
#
# JRE version:  (12.0.2+10) (build )
# Java VM: OpenJDK 64-Bit Server VM (12.0.2+10, mixed mode, tiered, compressed oops, g1 gc, windows-amd64)
# No core dump will be written. Minidumps are not enabled by default on client versions of Windows
#

---------------  S U M M A R Y ------------

Command Line: -javaagent:C:\Program Files\JetBrains\IntelliJ IDEA Community Edition 2019.2.1\lib\idea_rt.jar=53257:C:\Program Files\JetBrains\IntelliJ IDEA Community Edition 2019.2.1\bin -Dfile.encoding=UTF-8 homework

Host: Intel(R) Core(TM) i7-8550U CPU @ 1.80GHz, 8 cores, 7G,  Windows 10 , 64 bit Build 18362 (10.0.18362.329)
Time: Sun Sep 29 16:14:14 2019 Eastern Daylight Time elapsed time: 0 seconds (0d 0h 0m 0s)

---------------  T H R E A D  ---------------

Current thread (0x00000220af245800):  JavaThread "Unknown thread" [_thread_in_vm, id=8296, stack(0x0000005127100000,0x0000005127200000)]

Stack: [0x0000005127100000,0x0000005127200000]
Native frames: (J=compiled Java code, j=interpreted, Vv=VM code, C=native code)
V  [jvm.dll+0x63a6aa]
V  [jvm.dll+0x78cc6e]
V  [jvm.dll+0x78e311]
V  [jvm.dll+0x78e963]
V  [jvm.dll+0x262368]
V  [jvm.dll+0xc547c]
V  [jvm.dll+0xc5183]
V  [jvm.dll+0x70d4fc]
V  [jvm.dll+0x7687ac]
V  [jvm.dll+0x37fea9]
V  [jvm.dll+0x74b3c4]
V  [jvm.dll+0x3ef3ed]
V  [jvm.dll+0x3f1291]
C  [jli.dll+0x51cf]
C  [ucrtbase.dll+0x1d9f2]
C  [KERNEL32.DLL+0x17bd4]
C  [ntdll.dll+0x6cee1]


---------------  P R O C E S S  ---------------

Threads class SMR info:
_java_thread_list=0x00007ffb99226728, length=0, elements={
}

Java Threads: ( => current thread )

Other Threads:
  0x00000220af286000 GCTaskThread "GC Thread#0" [stack: 0x0000005127200000,0x0000005127300000] [id=7052]
  0x00000220af293800 ConcurrentGCThread "G1 Main Marker" [stack: 0x0000005127300000,0x0000005127400000] [id=19748]
  0x00000220af295800 ConcurrentGCThread "G1 Conc#0" [stack: 0x0000005127400000,0x0000005127500000] [id=11148]
  0x00000220cfd60800 ConcurrentGCThread "G1 Refine#0" [stack: 0x0000005127500000,0x0000005127600000] [id=28832]
  0x00000220cfd61000 ConcurrentGCThread "G1 Young RemSet Sampling" [stack: 0x0000005127600000,0x0000005127700000] [id=24172]

=>0x00000220af245800 (exited) JavaThread "Unknown thread" [_thread_in_vm, id=8296, stack(0x0000005127100000,0x0000005127200000)]

Threads with active compile tasks:

VM state:not at safepoint (not fully initialized)

VM Mutex/Monitor currently owned by a thread: None

Heap address: 0x0000000081c00000, size: 2020 MB, Compressed Oops mode: 32-bit
Narrow klass base: 0x0000000000000000, Narrow klass shift: 3
Compressed class space size: 1073741824 Address: 0x0000000100000000

GC Heap History (0 events):
No events

Deoptimization events (0 events):
No events

Classes redefined (0 events):
No events

Internal exceptions (0 events):
No events

Events (0 events):
No events


Dynamic libraries:
0x00007ff75ca20000 - 0x00007ff75ca2d000 	C:\jdk\bin\java.exe
0x00007ffbd87c0000 - 0x00007ffbd89b0000 	C:\WINDOWS\SYSTEM32\ntdll.dll
0x00007ffbd6930000 - 0x00007ffbd69e2000 	C:\WINDOWS\System32\KERNEL32.DLL
0x00007ffbd5ab0000 - 0x00007ffbd5d53000 	C:\WINDOWS\System32\KERNELBASE.dll
0x00007ffbd6720000 - 0x00007ffbd681a000 	C:\WINDOWS\System32\ucrtbase.dll
0x00007ffbcf4a0000 - 0x00007ffbcf4b6000 	C:\jdk\bin\VCRUNTIME140.dll
0x00007ffbd03e0000 - 0x00007ffbd03f7000 	C:\jdk\bin\jli.dll
0x00007ffbd7be0000 - 0x00007ffbd7d73000 	C:\WINDOWS\System32\USER32.dll
0x00007ffbd57a0000 - 0x00007ffbd57c1000 	C:\WINDOWS\System32\win32u.dll
0x00007ffbd7540000 - 0x00007ffbd7566000 	C:\WINDOWS\System32\GDI32.dll
0x00007ffbc49f0000 - 0x00007ffbc4c75000 	C:\WINDOWS\WinSxS\amd64_microsoft.windows.common-controls_6595b64144ccf1df_6.0.18362.356_none_e6c4af7d130f27cc\COMCTL32.dll
0x00007ffbd6580000 - 0x00007ffbd6714000 	C:\WINDOWS\System32\gdi32full.dll
0x00007ffbd7fc0000 - 0x00007ffbd805e000 	C:\WINDOWS\System32\msvcrt.dll
0x00007ffbd5d60000 - 0x00007ffbd5dfe000 	C:\WINDOWS\System32\msvcp_win.dll
0x00007ffbd7700000 - 0x00007ffbd7a36000 	C:\WINDOWS\System32\combase.dll
0x00007ffbd75e0000 - 0x00007ffbd7700000 	C:\WINDOWS\System32\RPCRT4.dll
0x00007ffbd5a30000 - 0x00007ffbd5ab0000 	C:\WINDOWS\System32\bcryptPrimitives.dll
0x00007ffbd6c00000 - 0x00007ffbd6c2e000 	C:\WINDOWS\System32\IMM32.DLL
0x00007ffbc5c00000 - 0x00007ffbc5caa000 	C:\jdk\bin\msvcp140.dll
0x00007ffb98750000 - 0x00007ffb992c6000 	C:\jdk\bin\server\jvm.dll
0x00007ffbd6880000 - 0x00007ffbd6923000 	C:\WINDOWS\System32\ADVAPI32.dll
0x00007ffbd7e50000 - 0x00007ffbd7ee7000 	C:\WINDOWS\System32\sechost.dll
0x00007ffbd7b20000 - 0x00007ffbd7b28000 	C:\WINDOWS\System32\PSAPI.DLL
0x00007ffbcba00000 - 0x00007ffbcba24000 	C:\WINDOWS\SYSTEM32\WINMM.dll
0x00007ffbce540000 - 0x00007ffbce54a000 	C:\WINDOWS\SYSTEM32\VERSION.dll
0x00007ffbc8fb0000 - 0x00007ffbc8fb9000 	C:\WINDOWS\SYSTEM32\WSOCK32.dll
0x00007ffbd84d0000 - 0x00007ffbd853f000 	C:\WINDOWS\System32\WS2_32.dll
0x00007ffbcb9d0000 - 0x00007ffbcb9fd000 	C:\WINDOWS\SYSTEM32\winmmbase.dll
0x00007ffbd5750000 - 0x00007ffbd579a000 	C:\WINDOWS\System32\cfgmgr32.dll
0x00007ffbd56a0000 - 0x00007ffbd56b1000 	C:\WINDOWS\System32\kernel.appcore.dll
0x00007ffbcf1c0000 - 0x00007ffbcf1d1000 	C:\jdk\bin\verify.dll
0x00007ffbd3fa0000 - 0x00007ffbd4194000 	C:\WINDOWS\SYSTEM32\DBGHELP.DLL
0x00007ffbce8f0000 - 0x00007ffbce91a000 	C:\WINDOWS\SYSTEM32\dbgcore.DLL
0x00007ffbc5bd0000 - 0x00007ffbc5bf6000 	C:\jdk\bin\java.dll
0x00007ffbd0700000 - 0x00007ffbd070e000 	C:\jdk\bin\instrument.dll
0x00007ffbc5cd0000 - 0x00007ffbc5ce7000 	C:\jdk\bin\zip.dll
0x00007ffbd07f0000 - 0x00007ffbd07fa000 	C:\jdk\bin\jimage.dll

dbghelp: loaded successfully - version: 4.0.5 - missing functions: none
symbol engine: initialized successfully - sym options: 0x614 - pdb path: .;C:\jdk\bin;C:\WINDOWS\SYSTEM32;C:\WINDOWS\WinSxS\amd64_microsoft.windows.common-controls_6595b64144ccf1df_6.0.18362.356_none_e6c4af7d130f27cc;C:\jdk\bin\server

VM Arguments:
jvm_args: -javaagent:C:\Program Files\JetBrains\IntelliJ IDEA Community Edition 2019.2.1\lib\idea_rt.jar=53257:C:\Program Files\JetBrains\IntelliJ IDEA Community Edition 2019.2.1\bin -Dfile.encoding=UTF-8 
java_command: homework
java_class_path (initial): D:\Temple_University\Fall_2019\data_structures\module5\out\production\module5
Launcher Type: SUN_STANDARD

[Global flags]
     intx CICompilerCount                          = 4                                         {product} {ergonomic}
     uint ConcGCThreads                            = 2                                         {product} {ergonomic}
     uint G1ConcRefinementThreads                  = 8                                         {product} {ergonomic}
   size_t G1HeapRegionSize                         = 1048576                                   {product} {ergonomic}
    uintx GCDrainStackTargetSize                   = 64                                        {product} {ergonomic}
   size_t InitialHeapSize                          = 134217728                                 {product} {ergonomic}
   size_t MarkStackSize                            = 4194304                                   {product} {ergonomic}
   size_t MaxHeapSize                              = 2118123520                                {product} {ergonomic}
   size_t MaxNewSize                               = 1270874112                                {product} {ergonomic}
   size_t MinHeapDeltaBytes                        = 1048576                                   {product} {ergonomic}
    uintx NonNMethodCodeHeapSize                   = 5836300                                {pd product} {ergonomic}
    uintx NonProfiledCodeHeapSize                  = 122910970                              {pd product} {ergonomic}
    uintx ProfiledCodeHeapSize                     = 122910970                              {pd product} {ergonomic}
    uintx ReservedCodeCacheSize                    = 251658240                              {pd product} {ergonomic}
     bool SegmentedCodeCache                       = true                                      {product} {ergonomic}
     bool UseCompressedClassPointers               = true                                 {lp64_product} {ergonomic}
     bool UseCompressedOops                        = true                                 {lp64_product} {ergonomic}
     bool UseG1GC                                  = true                                      {product} {ergonomic}
     bool UseLargePagesIndividualAllocation        = false                                  {pd product} {ergonomic}

Logging:
Log output configuration:
 #0: stdout all=warning uptime,level,tags
 #1: stderr all=off uptime,level,tags

Environment Variables:
PATH=D:\Program_Files\COPASI\COPASI 4.24.197\bin;C:\Program Files (x86)\Intel\iCLS Client\;C:\Program Files\Intel\iCLS Client\;C:\WINDOWS\system32;C:\WINDOWS;C:\WINDOWS\System32\Wbem;C:\WINDOWS\System32\WindowsPowerShell\v1.0\;C:\Program Files (x86)\Intel\Intel(R) Management Engine Components\DAL;C:\Program Files\Intel\Intel(R) Management Engine Components\DAL;C:\Program Files (x86)\Intel\Intel(R) Management Engine Components\IPT;C:\Program Files\Intel\Intel(R) Management Engine Components\IPT;C:\Program Files\Microsoft VS Code\bin;D:\New folder\PuTTY\;C:\WINDOWS\System32\OpenSSH\;C:\Program Files\Intel\WiFi\bin\;C:\Program Files\Common Files\Intel\WirelessCommon\;C:\Program Files\Git\cmd;C:\jdk\bin;C:\Users\ampiv\AppData\Local\Microsoft\WindowsApps;C:\Users\ampiv\AppData\Local\GitHubDesktop\bin;%USERPROFILE%\AppData\Local\Microsoft\WindowsApps;
USERNAME=ampiv
OS=Windows_NT
PROCESSOR_IDENTIFIER=Intel64 Family 6 Model 142 Stepping 10, GenuineIntel



---------------  S Y S T E M  ---------------

OS: Windows 10 , 64 bit Build 18362 (10.0.18362.329)

CPU:total 8 (initial active 8) (4 cores per cpu, 2 threads per core) family 6 model 142 stepping 10, cmov, cx8, fxsr, mmx, sse, sse2, sse3, ssse3, sse4.1, sse4.2, popcnt, avx, avx2, aes, clmul, erms, 3dnowpref, lzcnt, ht, tsc, tscinvbit, bmi1, bmi2, adx, fma

Memory: 4k page, system-wide physical 8078M (1252M free)
TotalPageFile size 23198M (AvailPageFile size 0M)
current process WorkingSet (physical memory assigned to process): 12M, peak: 12M
current process commit charge ("private bytes"): 194M, peak: 197M

vm_info: OpenJDK 64-Bit Server VM (12.0.2+10) for windows-amd64 JRE (12.0.2+10), built on Jul 16 2019 01:56:05 by "mach5one" with MS VC++ 15.5 (VS2017)

END.
